<?xml version="1.0" encoding="UTF-8"?>
<!-- Generated by org.testng.reporters.JUnitReportReporter -->
<testsuite hostname="LAPTOP-M3RB8FCH" failures="0" tests="1" name="Demo_package.A2_MouseOverActions" time="6.450" errors="0" timestamp="2023-12-09T10:54:47 IST" skipped="0">
  <testcase classname="Demo_package.A2_MouseOverActions" name="mouseOvver" time="6.450"/>
  <system-out/>
</testsuite> <!-- Demo_package.A2_MouseOverActions -->
