<?xml version="1.0" encoding="UTF-8"?>
<!-- Generated by org.testng.reporters.JUnitReportReporter -->
<testsuite hostname="LAPTOP-M3RB8FCH" failures="0" tests="1" name="Demo_package.A1_Alerts" time="4.238" errors="0" timestamp="2023-12-09T10:51:30 IST" skipped="0">
  <testcase classname="Demo_package.A1_Alerts" name="handlingalerts" time="4.238"/>
  <system-out/>
</testsuite> <!-- Demo_package.A1_Alerts -->
