<?xml version="1.0" encoding="UTF-8"?>
<!-- Generated by org.testng.reporters.JUnitReportReporter -->
<testsuite hostname="LAPTOP-M3RB8FCH" failures="0" tests="1" name="Demo_Package.A1_Alerts2" time="2.177" errors="0" timestamp="2023-12-09T10:40:25 IST" skipped="0">
  <testcase classname="Demo_Package.A1_Alerts2" name="AlertsHandling" time="2.177"/>
  <system-out/>
</testsuite> <!-- Demo_Package.A1_Alerts2 -->
